0 info it worked if it ends with ok
1 verbose cli [ '/usr/local/bin/node',
1 verbose cli   '/usr/local/bin/npm',
1 verbose cli   'run',
1 verbose cli   'docker-start' ]
2 info using npm@3.10.10
3 info using node@v6.9.4
4 verbose run-script [ 'predocker-start', 'docker-start', 'postdocker-start' ]
5 info lifecycle endlist@0.0.0~predocker-start: endlist@0.0.0
6 silly lifecycle endlist@0.0.0~predocker-start: no script for predocker-start, continuing
7 info lifecycle endlist@0.0.0~docker-start: endlist@0.0.0
8 verbose lifecycle endlist@0.0.0~docker-start: unsafe-perm in lifecycle true
9 verbose lifecycle endlist@0.0.0~docker-start: PATH: /usr/local/lib/node_modules/npm/bin/node-gyp-bin:/Users/Thakugan/Library/Mobile Documents/com~apple~CloudDocs/SMU/Junior Year/CSE3345/endlist/node_modules/.bin:/Users/Thakugan/anaconda/bin:/Users/Thakugan/.rvm/gems/ruby-2.3.0/bin:/Users/Thakugan/.rvm/gems/ruby-2.3.0@global/bin:/Users/Thakugan/.rvm/rubies/ruby-2.3.0/bin:/Library/Frameworks/Python.framework/Versions/3.5/bin:/usr/local/bin:/usr/bin:/bin:/usr/sbin:/sbin:/opt/X11/bin:/usr/local/share/dotnet:/Library/Frameworks/Mono.framework/Versions/Current/Commands:/Library/TeX/texbin:/Users/Thakugan/Library/Android/sdk/tools/bin/sdkmanager:/Users/Thakugan/Library/Android/sdk/tools/bin/avdmanager:/Users/Thakugan/.rvm/bin
10 verbose lifecycle endlist@0.0.0~docker-start: CWD: /Users/Thakugan/Library/Mobile Documents/com~apple~CloudDocs/SMU/Junior Year/CSE3345/endlist
11 silly lifecycle endlist@0.0.0~docker-start: Args: [ '-c', './bin/up.sh $npm_package_config_docker_file' ]
12 silly lifecycle endlist@0.0.0~docker-start: Returned: code: 126  signal: null
13 info lifecycle endlist@0.0.0~docker-start: Failed to exec docker-start script
14 verbose stack Error: endlist@0.0.0 docker-start: `./bin/up.sh $npm_package_config_docker_file`
14 verbose stack Exit status 126
14 verbose stack     at EventEmitter.<anonymous> (/usr/local/lib/node_modules/npm/lib/utils/lifecycle.js:255:16)
14 verbose stack     at emitTwo (events.js:106:13)
14 verbose stack     at EventEmitter.emit (events.js:191:7)
14 verbose stack     at ChildProcess.<anonymous> (/usr/local/lib/node_modules/npm/lib/utils/spawn.js:40:14)
14 verbose stack     at emitTwo (events.js:106:13)
14 verbose stack     at ChildProcess.emit (events.js:191:7)
14 verbose stack     at maybeClose (internal/child_process.js:877:16)
14 verbose stack     at Process.ChildProcess._handle.onexit (internal/child_process.js:226:5)
15 verbose pkgid endlist@0.0.0
16 verbose cwd /Users/Thakugan/Library/Mobile Documents/com~apple~CloudDocs/SMU/Junior Year/CSE3345/endlist
17 error Darwin 16.6.0
18 error argv "/usr/local/bin/node" "/usr/local/bin/npm" "run" "docker-start"
19 error node v6.9.4
20 error npm  v3.10.10
21 error code ELIFECYCLE
22 error endlist@0.0.0 docker-start: `./bin/up.sh $npm_package_config_docker_file`
22 error Exit status 126
23 error Failed at the endlist@0.0.0 docker-start script './bin/up.sh $npm_package_config_docker_file'.
23 error Make sure you have the latest version of node.js and npm installed.
23 error If you do, this is most likely a problem with the endlist package,
23 error not with npm itself.
23 error Tell the author that this fails on your system:
23 error     ./bin/up.sh $npm_package_config_docker_file
23 error You can get information on how to open an issue for this project with:
23 error     npm bugs endlist
23 error Or if that isn't available, you can get their info via:
23 error     npm owner ls endlist
23 error There is likely additional logging output above.
24 verbose exit [ 1, true ]
